<?xml version="1.0" encoding="UTF-8"?>
<!-- Generated by org.testng.reporters.JUnitReportReporter -->
<testsuite hostname="FVFYM08AHV2H.local" failures="0" tests="3" name="utility.ExcelDataProvider" time="21.046" errors="0" timestamp="2022-01-11T20:54:11 ICT" skipped="0">
  <testcase classname="utility.ExcelDataProvider" name="test1" time="4.225"/>
  <system-out/>
  <testcase classname="utility.ExcelDataProvider" name="test1" time="4.305"/>
  <system-out/>
  <testcase classname="utility.ExcelDataProvider" name="test1" time="12.516"/>
  <system-out/>
</testsuite> <!-- utility.ExcelDataProvider -->
