<?xml version="1.0" encoding="UTF-8"?>
<!-- Generated by org.testng.reporters.JUnitReportReporter -->
<testsuite hostname="FVFYM08AHV2H.local" failures="0" tests="3" name="listeners.TestNGListenerDemo3" time="0.006" errors="0" timestamp="2022-01-12T21:02:09 ICT" skipped="0">
  <testcase classname="listeners.TestNGListenerDemo3" name="test4" time="0.001"/>
  <system-out/>
  <testcase classname="listeners.TestNGListenerDemo3" name="test6" time="0.003"/>
  <system-out/>
  <testcase classname="listeners.TestNGListenerDemo3" name="test5" time="0.002"/>
  <system-out/>
</testsuite> <!-- listeners.TestNGListenerDemo3 -->
