<?xml version="1.0" encoding="UTF-8"?>
<!-- Generated by org.testng.reporters.JUnitReportReporter -->
<testsuite hostname="FVFYM08AHV2H.local" failures="0" tests="4" name="demo.testNGGroupsDemo" time="0.011" errors="0" timestamp="2022-01-14T17:25:29 ICT" skipped="0">
  <testcase classname="demo.testNGGroupsDemo" name="test2" time="0.001"/>
  <system-out/>
  <testcase classname="demo.testNGGroupsDemo" name="test3" time="0.001"/>
  <system-out/>
  <testcase classname="demo.testNGGroupsDemo" name="test4" time="0.001"/>
  <system-out/>
  <testcase classname="demo.testNGGroupsDemo" name="test1" time="0.008"/>
  <system-out/>
</testsuite> <!-- demo.testNGGroupsDemo -->
