<?xml version="1.0" encoding="UTF-8"?>
<!-- Generated by org.testng.reporters.JUnitReportReporter -->
<testsuite hostname="FVFYM08AHV2H.local" failures="0" tests="1" name="demo.TestNGParametersDemo" time="0.022" errors="0" timestamp="2022-01-14T17:46:15 ICT" skipped="0">
  <testcase classname="demo.TestNGParametersDemo" name="test" time="0.022"/>
  <system-out/>
</testsuite> <!-- demo.TestNGParametersDemo -->
