<?xml version="1.0" encoding="UTF-8"?>
<!-- Generated by org.testng.reporters.JUnitReportReporter -->
<testsuite hostname="FVFYM08AHV2H.local" failures="0" tests="1" name="Test.Test1_GoogleSearch_TestNG_demo" time="11.477" errors="0" timestamp="2022-01-08T21:05:14 ICT" skipped="0">
  <testcase classname="Test.Test1_GoogleSearch_TestNG_demo" name="googleSearch" time="11.477"/>
  <system-out/>
</testsuite> <!-- Test.Test1_GoogleSearch_TestNG_demo -->
