<?xml version="1.0" encoding="UTF-8"?>
<!-- Generated by org.testng.reporters.JUnitReportReporter -->
<testsuite hostname="FVFYM08AHV2H.local" failures="0" tests="2" name="Test.ExtentReportDemoWithTestNG" time="6.045" errors="0" timestamp="2022-01-05T17:01:44 ICT" skipped="0">
  <testcase classname="Test.ExtentReportDemoWithTestNG" name="test1" time="6.043"/>
  <system-out/>
  <testcase classname="Test.ExtentReportDemoWithTestNG" name="test2" time="0.002"/>
  <system-out/>
</testsuite> <!-- Test.ExtentReportDemoWithTestNG -->
