<?xml version="1.0" encoding="UTF-8"?>
<!-- Generated by org.testng.reporters.JUnitReportReporter -->
<testsuite hostname="FVFYM08AHV2H.local" failures="0" tests="3" name="demo.TestNGDependencyDemo" time="0.023" errors="0" timestamp="2022-01-14T20:39:56 ICT" skipped="0">
  <testcase classname="demo.TestNGDependencyDemo" name="test1" time="0.001"/>
  <system-out/>
  <testcase classname="demo.TestNGDependencyDemo" name="test3" time="0.014"/>
  <system-out/>
  <testcase classname="demo.TestNGDependencyDemo" name="test2" time="0.008"/>
  <system-out/>
</testsuite> <!-- demo.TestNGDependencyDemo -->
