<?xml version="1.0" encoding="UTF-8"?>
<!-- Generated by org.testng.reporters.JUnitReportReporter -->
<testsuite hostname="FVFYM08AHV2H.local" failures="0" tests="1" name="demo.Test1" time="18.805" errors="0" timestamp="2022-01-15T14:58:34 ICT" skipped="0">
  <testcase classname="demo.Test1" name="testUntitledTestCase" time="18.805"/>
  <system-out/>
</testsuite> <!-- demo.Test1 -->
