<?xml version="1.0" encoding="UTF-8"?>
<!-- Generated by org.testng.reporters.JUnitReportReporter -->
<testsuite hostname="FVFYM08AHV2H.local" failures="0" tests="3" name="demo.TestNGPriorityDemo" time="0.018" errors="0" timestamp="2022-01-13T14:25:17 ICT" skipped="0">
  <testcase classname="demo.TestNGPriorityDemo" name="test2" time="0.009"/>
  <system-out/>
  <testcase classname="demo.TestNGPriorityDemo" name="test3" time="0.007"/>
  <system-out/>
  <testcase classname="demo.TestNGPriorityDemo" name="test1" time="0.002"/>
  <system-out/>
</testsuite> <!-- demo.TestNGPriorityDemo -->
